| [INFO ] [2017-07-03 18:03:55,369] [org.quartz.impl.StdSchedulerFactory] [main]
				[] - Using default implementation for ThreadExecutor  
| [INFO ] [2017-07-03 18:03:55,391] [org.quartz.simpl.SimpleThreadPool] [main]
				[] - Job execution threads will use class loader of thread: main  
| [INFO ] [2017-07-03 18:03:55,446] [org.quartz.core.SchedulerSignalerImpl] [main]
				[] - Initialized Scheduler Signaller of type: class org.quartz.core.SchedulerSignalerImpl  
| [INFO ] [2017-07-03 18:03:55,448] [org.quartz.core.QuartzScheduler] [main]
				[] - Quartz Scheduler v.1.8.6 created.  
| [INFO ] [2017-07-03 18:03:55,451] [org.quartz.simpl.RAMJobStore] [main]
				[] - RAMJobStore initialized.  
| [INFO ] [2017-07-03 18:03:55,454] [org.quartz.core.QuartzScheduler] [main]
				[] - Scheduler meta-data: Quartz Scheduler (v1.8.6) 'DefaultQuartzScheduler' with instanceId 'NON_CLUSTERED'
  Scheduler class: 'org.quartz.core.QuartzScheduler' - running locally.
  NOT STARTED.
  Currently in standby mode.
  Number of jobs executed: 0
  Using thread pool 'org.quartz.simpl.SimpleThreadPool' - with 10 threads.
  Using job-store 'org.quartz.simpl.RAMJobStore' - which does not support persistence. and is not clustered.
  
| [INFO ] [2017-07-03 18:03:55,454] [org.quartz.impl.StdSchedulerFactory] [main]
				[] - Quartz scheduler 'DefaultQuartzScheduler' initialized from default resource file in Quartz package: 'quartz.properties'  
| [INFO ] [2017-07-03 18:03:55,454] [org.quartz.impl.StdSchedulerFactory] [main]
				[] - Quartz scheduler version: 1.8.6  
| [INFO ] [2017-07-03 18:03:55,455] [org.quartz.core.QuartzScheduler] [main]
				[] - Scheduler DefaultQuartzScheduler_$_NON_CLUSTERED started.  
| [DEBUG] [2017-07-03 18:03:56,448] [org.quartz.utils.UpdateChecker] [Timer-0]
				[] - Checking for available updated version of Quartz...  
| [DEBUG] [2017-07-03 18:04:00,020] [org.quartz.simpl.SimpleJobFactory] [DefaultQuartzScheduler_QuartzSchedulerThread]
				[] - Producing instance of Job 'group1.infoJob', class=com.eluon.pim.snmp.job.ServerInfoUpdate  
| [DEBUG] [2017-07-03 18:04:00,029] [org.quartz.core.JobRunShell] [DefaultQuartzScheduler_Worker-1]
				[] - Calling execute on job group1.infoJob  
| [DEBUG] [2017-07-03 18:04:10,003] [org.quartz.simpl.SimpleJobFactory] [DefaultQuartzScheduler_QuartzSchedulerThread]
				[] - Producing instance of Job 'group1.infoJob', class=com.eluon.pim.snmp.job.ServerInfoUpdate  
| [DEBUG] [2017-07-03 18:04:10,003] [org.quartz.core.JobRunShell] [DefaultQuartzScheduler_Worker-2]
				[] - Calling execute on job group1.infoJob  
| [INFO ] [2017-07-03 18:06:53,519] [org.quartz.impl.StdSchedulerFactory] [main]
				[] - Using default implementation for ThreadExecutor  
| [INFO ] [2017-07-03 18:06:53,528] [org.quartz.simpl.SimpleThreadPool] [main]
				[] - Job execution threads will use class loader of thread: main  
| [INFO ] [2017-07-03 18:06:53,555] [org.quartz.core.SchedulerSignalerImpl] [main]
				[] - Initialized Scheduler Signaller of type: class org.quartz.core.SchedulerSignalerImpl  
| [INFO ] [2017-07-03 18:06:53,557] [org.quartz.core.QuartzScheduler] [main]
				[] - Quartz Scheduler v.1.8.6 created.  
| [INFO ] [2017-07-03 18:06:53,559] [org.quartz.simpl.RAMJobStore] [main]
				[] - RAMJobStore initialized.  
| [INFO ] [2017-07-03 18:06:53,560] [org.quartz.core.QuartzScheduler] [main]
				[] - Scheduler meta-data: Quartz Scheduler (v1.8.6) 'DefaultQuartzScheduler' with instanceId 'NON_CLUSTERED'
  Scheduler class: 'org.quartz.core.QuartzScheduler' - running locally.
  NOT STARTED.
  Currently in standby mode.
  Number of jobs executed: 0
  Using thread pool 'org.quartz.simpl.SimpleThreadPool' - with 10 threads.
  Using job-store 'org.quartz.simpl.RAMJobStore' - which does not support persistence. and is not clustered.
  
| [INFO ] [2017-07-03 18:06:53,561] [org.quartz.impl.StdSchedulerFactory] [main]
				[] - Quartz scheduler 'DefaultQuartzScheduler' initialized from default resource file in Quartz package: 'quartz.properties'  
| [INFO ] [2017-07-03 18:06:53,561] [org.quartz.impl.StdSchedulerFactory] [main]
				[] - Quartz scheduler version: 1.8.6  
| [INFO ] [2017-07-03 18:06:53,561] [org.quartz.core.QuartzScheduler] [main]
				[] - Scheduler DefaultQuartzScheduler_$_NON_CLUSTERED started.  
| [DEBUG] [2017-07-03 18:06:54,558] [org.quartz.utils.UpdateChecker] [Timer-0]
				[] - Checking for available updated version of Quartz...  
| [DEBUG] [2017-07-03 18:07:00,032] [org.quartz.simpl.SimpleJobFactory] [DefaultQuartzScheduler_QuartzSchedulerThread]
				[] - Producing instance of Job 'server.serverSecJob', class=com.eluon.pim.snmp.job.ServerInfoUpdate  
| [DEBUG] [2017-07-03 18:07:00,044] [org.quartz.core.JobRunShell] [DefaultQuartzScheduler_Worker-1]
				[] - Calling execute on job server.serverSecJob  
| [DEBUG] [2017-07-03 18:07:00,045] [org.quartz.simpl.SimpleJobFactory] [DefaultQuartzScheduler_QuartzSchedulerThread]
				[] - Producing instance of Job 'group1.infoJob', class=com.eluon.pim.snmp.job.SwitchInfoUpdate  
| [DEBUG] [2017-07-03 18:07:00,045] [org.quartz.core.JobRunShell] [DefaultQuartzScheduler_Worker-2]
				[] - Calling execute on job group1.infoJob  
| [DEBUG] [2017-07-03 18:07:00,048] [org.quartz.simpl.SimpleJobFactory] [DefaultQuartzScheduler_QuartzSchedulerThread]
				[] - Producing instance of Job 'server.minStatJob', class=com.eluon.pim.snmp.job.ServerStatMin  
| [ERROR] [2017-07-03 18:07:00,048] [org.quartz.core.JobRunShell] [DefaultQuartzScheduler_Worker-1]
				[] - Job server.serverSecJob threw an unhandled Exception:  java.lang.Error: Unresolved compilation problem: 
	serverData cannot be resolved or is not a field

	at com.eluon.pim.snmp.job.ServerInfoUpdate.execute(ServerInfoUpdate.java:76)
	at org.quartz.core.JobRunShell.run(JobRunShell.java:223)
	at org.quartz.simpl.SimpleThreadPool$WorkerThread.run(SimpleThreadPool.java:549)
 
| [ERROR] [2017-07-03 18:07:00,050] [org.quartz.core.ErrorLogger] [DefaultQuartzScheduler_Worker-1]
				[] - Job (server.serverSecJob threw an exception. java.lang.Error: Unresolved compilation problem: 
	serverData cannot be resolved or is not a field

	at com.eluon.pim.snmp.job.ServerInfoUpdate.execute(ServerInfoUpdate.java:76)
	at org.quartz.core.JobRunShell.run(JobRunShell.java:223)
	... 1 common frames omitted
Wrapped by: org.quartz.SchedulerException: Job threw an unhandled exception.
	at org.quartz.core.JobRunShell.run(JobRunShell.java:234)
	at org.quartz.simpl.SimpleThreadPool$WorkerThread.run(SimpleThreadPool.java:549)
 
| [DEBUG] [2017-07-03 18:07:00,051] [org.quartz.core.JobRunShell] [DefaultQuartzScheduler_Worker-3]
				[] - Calling execute on job server.minStatJob  
| [DEBUG] [2017-07-03 18:07:00,205] [org.apache.ibatis.logging.LogFactory] [DefaultQuartzScheduler_Worker-2]
				[] - Logging initialized using 'class org.apache.ibatis.logging.slf4j.Slf4jImpl' adapter.  
| [DEBUG] [2017-07-03 18:07:00,237] [org.apache.ibatis.datasource.pooled.PooledDataSource] [DefaultQuartzScheduler_Worker-2]
				[] - PooledDataSource forcefully closed/removed all connections.  
| [DEBUG] [2017-07-03 18:07:00,238] [org.apache.ibatis.datasource.pooled.PooledDataSource] [DefaultQuartzScheduler_Worker-2]
				[] - PooledDataSource forcefully closed/removed all connections.  
| [DEBUG] [2017-07-03 18:07:00,238] [org.apache.ibatis.datasource.pooled.PooledDataSource] [DefaultQuartzScheduler_Worker-2]
				[] - PooledDataSource forcefully closed/removed all connections.  
| [DEBUG] [2017-07-03 18:07:00,239] [org.apache.ibatis.datasource.pooled.PooledDataSource] [DefaultQuartzScheduler_Worker-2]
				[] - PooledDataSource forcefully closed/removed all connections.  
| [DEBUG] [2017-07-03 18:07:00,360] [com.eluon.pim.snmp.job.SwitchInfoUpdate] [DefaultQuartzScheduler_Worker-2]
				[] - === Start ===  
| [ERROR] [2017-07-03 18:07:00,361] [org.quartz.core.JobRunShell] [DefaultQuartzScheduler_Worker-2]
				[] - Job group1.infoJob threw an unhandled Exception:  java.lang.NullPointerException: null
	at com.eluon.pim.snmp.job.SwitchInfoUpdate.execute(SwitchInfoUpdate.java:40)
	at org.quartz.core.JobRunShell.run(JobRunShell.java:223)
	at org.quartz.simpl.SimpleThreadPool$WorkerThread.run(SimpleThreadPool.java:549)
 
| [ERROR] [2017-07-03 18:07:00,361] [org.quartz.core.ErrorLogger] [DefaultQuartzScheduler_Worker-2]
				[] - Job (group1.infoJob threw an exception. java.lang.NullPointerException: null
	at com.eluon.pim.snmp.job.SwitchInfoUpdate.execute(SwitchInfoUpdate.java:40)
	at org.quartz.core.JobRunShell.run(JobRunShell.java:223)
	... 1 common frames omitted
Wrapped by: org.quartz.SchedulerException: Job threw an unhandled exception.
	at org.quartz.core.JobRunShell.run(JobRunShell.java:234)
	at org.quartz.simpl.SimpleThreadPool$WorkerThread.run(SimpleThreadPool.java:549)
 
| [DEBUG] [2017-07-03 18:07:10,003] [org.quartz.simpl.SimpleJobFactory] [DefaultQuartzScheduler_QuartzSchedulerThread]
				[] - Producing instance of Job 'group1.infoJob', class=com.eluon.pim.snmp.job.SwitchInfoUpdate  
| [DEBUG] [2017-07-03 18:07:10,005] [org.quartz.core.JobRunShell] [DefaultQuartzScheduler_Worker-4]
				[] - Calling execute on job group1.infoJob  
| [DEBUG] [2017-07-03 18:07:10,008] [com.eluon.pim.snmp.job.SwitchInfoUpdate] [DefaultQuartzScheduler_Worker-4]
				[] - === Start ===  
| [DEBUG] [2017-07-03 18:07:10,008] [org.quartz.simpl.SimpleJobFactory] [DefaultQuartzScheduler_QuartzSchedulerThread]
				[] - Producing instance of Job 'server.minStatJob', class=com.eluon.pim.snmp.job.ServerStatMin  
| [ERROR] [2017-07-03 18:07:10,009] [org.quartz.core.JobRunShell] [DefaultQuartzScheduler_Worker-4]
				[] - Job group1.infoJob threw an unhandled Exception:  java.lang.NullPointerException: null
	at com.eluon.pim.snmp.job.SwitchInfoUpdate.execute(SwitchInfoUpdate.java:40)
	at org.quartz.core.JobRunShell.run(JobRunShell.java:223)
	at org.quartz.simpl.SimpleThreadPool$WorkerThread.run(SimpleThreadPool.java:549)
 
| [DEBUG] [2017-07-03 18:07:10,010] [org.quartz.core.JobRunShell] [DefaultQuartzScheduler_Worker-5]
				[] - Calling execute on job server.minStatJob  
| [ERROR] [2017-07-03 18:07:10,010] [org.quartz.core.ErrorLogger] [DefaultQuartzScheduler_Worker-4]
				[] - Job (group1.infoJob threw an exception. java.lang.NullPointerException: null
	at com.eluon.pim.snmp.job.SwitchInfoUpdate.execute(SwitchInfoUpdate.java:40)
	at org.quartz.core.JobRunShell.run(JobRunShell.java:223)
	... 1 common frames omitted
Wrapped by: org.quartz.SchedulerException: Job threw an unhandled exception.
	at org.quartz.core.JobRunShell.run(JobRunShell.java:234)
	at org.quartz.simpl.SimpleThreadPool$WorkerThread.run(SimpleThreadPool.java:549)
 
| [DEBUG] [2017-07-03 18:07:10,018] [org.quartz.simpl.SimpleJobFactory] [DefaultQuartzScheduler_QuartzSchedulerThread]
				[] - Producing instance of Job 'server.serverSecJob', class=com.eluon.pim.snmp.job.ServerInfoUpdate  
| [DEBUG] [2017-07-03 18:07:10,020] [org.quartz.core.JobRunShell] [DefaultQuartzScheduler_Worker-6]
				[] - Calling execute on job server.serverSecJob  
| [ERROR] [2017-07-03 18:07:10,022] [org.quartz.core.JobRunShell] [DefaultQuartzScheduler_Worker-6]
				[] - Job server.serverSecJob threw an unhandled Exception:  java.lang.Error: Unresolved compilation problem: 
	serverData cannot be resolved or is not a field

	at com.eluon.pim.snmp.job.ServerInfoUpdate.execute(ServerInfoUpdate.java:76)
	at org.quartz.core.JobRunShell.run(JobRunShell.java:223)
	at org.quartz.simpl.SimpleThreadPool$WorkerThread.run(SimpleThreadPool.java:549)
 
| [ERROR] [2017-07-03 18:07:10,024] [org.quartz.core.ErrorLogger] [DefaultQuartzScheduler_Worker-6]
				[] - Job (server.serverSecJob threw an exception. java.lang.Error: Unresolved compilation problem: 
	serverData cannot be resolved or is not a field

	at com.eluon.pim.snmp.job.ServerInfoUpdate.execute(ServerInfoUpdate.java:76)
	at org.quartz.core.JobRunShell.run(JobRunShell.java:223)
	... 1 common frames omitted
Wrapped by: org.quartz.SchedulerException: Job threw an unhandled exception.
	at org.quartz.core.JobRunShell.run(JobRunShell.java:234)
	at org.quartz.simpl.SimpleThreadPool$WorkerThread.run(SimpleThreadPool.java:549)
 
| [DEBUG] [2017-07-03 18:07:20,001] [org.quartz.simpl.SimpleJobFactory] [DefaultQuartzScheduler_QuartzSchedulerThread]
				[] - Producing instance of Job 'group1.infoJob', class=com.eluon.pim.snmp.job.SwitchInfoUpdate  
| [DEBUG] [2017-07-03 18:07:20,002] [org.quartz.core.JobRunShell] [DefaultQuartzScheduler_Worker-7]
				[] - Calling execute on job group1.infoJob  
| [DEBUG] [2017-07-03 18:07:20,004] [com.eluon.pim.snmp.job.SwitchInfoUpdate] [DefaultQuartzScheduler_Worker-7]
				[] - === Start ===  
| [DEBUG] [2017-07-03 18:07:20,005] [org.quartz.simpl.SimpleJobFactory] [DefaultQuartzScheduler_QuartzSchedulerThread]
				[] - Producing instance of Job 'server.minStatJob', class=com.eluon.pim.snmp.job.ServerStatMin  
| [ERROR] [2017-07-03 18:07:20,005] [org.quartz.core.JobRunShell] [DefaultQuartzScheduler_Worker-7]
				[] - Job group1.infoJob threw an unhandled Exception:  java.lang.NullPointerException: null
	at com.eluon.pim.snmp.job.SwitchInfoUpdate.execute(SwitchInfoUpdate.java:40)
	at org.quartz.core.JobRunShell.run(JobRunShell.java:223)
	at org.quartz.simpl.SimpleThreadPool$WorkerThread.run(SimpleThreadPool.java:549)
 
| [ERROR] [2017-07-03 18:07:20,006] [org.quartz.core.ErrorLogger] [DefaultQuartzScheduler_Worker-7]
				[] - Job (group1.infoJob threw an exception. java.lang.NullPointerException: null
	at com.eluon.pim.snmp.job.SwitchInfoUpdate.execute(SwitchInfoUpdate.java:40)
	at org.quartz.core.JobRunShell.run(JobRunShell.java:223)
	... 1 common frames omitted
Wrapped by: org.quartz.SchedulerException: Job threw an unhandled exception.
	at org.quartz.core.JobRunShell.run(JobRunShell.java:234)
	at org.quartz.simpl.SimpleThreadPool$WorkerThread.run(SimpleThreadPool.java:549)
 
| [DEBUG] [2017-07-03 18:07:20,006] [org.quartz.core.JobRunShell] [DefaultQuartzScheduler_Worker-8]
				[] - Calling execute on job server.minStatJob  
| [DEBUG] [2017-07-03 18:07:20,007] [org.quartz.simpl.SimpleJobFactory] [DefaultQuartzScheduler_QuartzSchedulerThread]
				[] - Producing instance of Job 'server.serverSecJob', class=com.eluon.pim.snmp.job.ServerInfoUpdate  
| [DEBUG] [2017-07-03 18:07:20,008] [org.quartz.core.JobRunShell] [DefaultQuartzScheduler_Worker-9]
				[] - Calling execute on job server.serverSecJob  
| [ERROR] [2017-07-03 18:07:20,012] [org.quartz.core.JobRunShell] [DefaultQuartzScheduler_Worker-9]
				[] - Job server.serverSecJob threw an unhandled Exception:  java.lang.Error: Unresolved compilation problem: 
	serverData cannot be resolved or is not a field

	at com.eluon.pim.snmp.job.ServerInfoUpdate.execute(ServerInfoUpdate.java:76)
	at org.quartz.core.JobRunShell.run(JobRunShell.java:223)
	at org.quartz.simpl.SimpleThreadPool$WorkerThread.run(SimpleThreadPool.java:549)
 
| [ERROR] [2017-07-03 18:07:20,013] [org.quartz.core.ErrorLogger] [DefaultQuartzScheduler_Worker-9]
				[] - Job (server.serverSecJob threw an exception. java.lang.Error: Unresolved compilation problem: 
	serverData cannot be resolved or is not a field

	at com.eluon.pim.snmp.job.ServerInfoUpdate.execute(ServerInfoUpdate.java:76)
	at org.quartz.core.JobRunShell.run(JobRunShell.java:223)
	... 1 common frames omitted
Wrapped by: org.quartz.SchedulerException: Job threw an unhandled exception.
	at org.quartz.core.JobRunShell.run(JobRunShell.java:234)
	at org.quartz.simpl.SimpleThreadPool$WorkerThread.run(SimpleThreadPool.java:549)
 
| [INFO ] [2017-07-03 18:12:12,890] [org.quartz.impl.StdSchedulerFactory] [main]
				[] - Using default implementation for ThreadExecutor  
| [INFO ] [2017-07-03 18:12:12,898] [org.quartz.simpl.SimpleThreadPool] [main]
				[] - Job execution threads will use class loader of thread: main  
| [INFO ] [2017-07-03 18:12:12,925] [org.quartz.core.SchedulerSignalerImpl] [main]
				[] - Initialized Scheduler Signaller of type: class org.quartz.core.SchedulerSignalerImpl  
| [INFO ] [2017-07-03 18:12:12,927] [org.quartz.core.QuartzScheduler] [main]
				[] - Quartz Scheduler v.1.8.6 created.  
| [INFO ] [2017-07-03 18:12:12,929] [org.quartz.simpl.RAMJobStore] [main]
				[] - RAMJobStore initialized.  
| [INFO ] [2017-07-03 18:12:12,931] [org.quartz.core.QuartzScheduler] [main]
				[] - Scheduler meta-data: Quartz Scheduler (v1.8.6) 'DefaultQuartzScheduler' with instanceId 'NON_CLUSTERED'
  Scheduler class: 'org.quartz.core.QuartzScheduler' - running locally.
  NOT STARTED.
  Currently in standby mode.
  Number of jobs executed: 0
  Using thread pool 'org.quartz.simpl.SimpleThreadPool' - with 10 threads.
  Using job-store 'org.quartz.simpl.RAMJobStore' - which does not support persistence. and is not clustered.
  
| [INFO ] [2017-07-03 18:12:12,931] [org.quartz.impl.StdSchedulerFactory] [main]
				[] - Quartz scheduler 'DefaultQuartzScheduler' initialized from default resource file in Quartz package: 'quartz.properties'  
| [INFO ] [2017-07-03 18:12:12,931] [org.quartz.impl.StdSchedulerFactory] [main]
				[] - Quartz scheduler version: 1.8.6  
| [INFO ] [2017-07-03 18:12:12,931] [org.quartz.core.QuartzScheduler] [main]
				[] - Scheduler DefaultQuartzScheduler_$_NON_CLUSTERED started.  
| [DEBUG] [2017-07-03 18:12:13,927] [org.quartz.utils.UpdateChecker] [Timer-0]
				[] - Checking for available updated version of Quartz...  
| [DEBUG] [2017-07-03 18:12:20,011] [org.quartz.simpl.SimpleJobFactory] [DefaultQuartzScheduler_QuartzSchedulerThread]
				[] - Producing instance of Job 'server.serverSecJob', class=com.eluon.pim.snmp.job.ServerInfoUpdate  
| [DEBUG] [2017-07-03 18:12:20,024] [org.quartz.core.JobRunShell] [DefaultQuartzScheduler_Worker-1]
				[] - Calling execute on job server.serverSecJob  
| [DEBUG] [2017-07-03 18:12:20,025] [org.quartz.simpl.SimpleJobFactory] [DefaultQuartzScheduler_QuartzSchedulerThread]
				[] - Producing instance of Job 'group1.infoJob', class=com.eluon.pim.snmp.job.SwitchInfoUpdate  
| [DEBUG] [2017-07-03 18:12:20,027] [org.quartz.core.JobRunShell] [DefaultQuartzScheduler_Worker-2]
				[] - Calling execute on job group1.infoJob  
| [DEBUG] [2017-07-03 18:12:20,030] [org.quartz.simpl.SimpleJobFactory] [DefaultQuartzScheduler_QuartzSchedulerThread]
				[] - Producing instance of Job 'server.minStatJob', class=com.eluon.pim.snmp.job.ServerStatMin  
| [DEBUG] [2017-07-03 18:12:20,032] [org.quartz.core.JobRunShell] [DefaultQuartzScheduler_Worker-3]
				[] - Calling execute on job server.minStatJob  
| [DEBUG] [2017-07-03 18:12:20,203] [org.apache.ibatis.logging.LogFactory] [DefaultQuartzScheduler_Worker-1]
				[] - Logging initialized using 'class org.apache.ibatis.logging.slf4j.Slf4jImpl' adapter.  
| [DEBUG] [2017-07-03 18:12:20,229] [org.apache.ibatis.datasource.pooled.PooledDataSource] [DefaultQuartzScheduler_Worker-2]
				[] - PooledDataSource forcefully closed/removed all connections.  
| [DEBUG] [2017-07-03 18:12:20,229] [org.apache.ibatis.datasource.pooled.PooledDataSource] [DefaultQuartzScheduler_Worker-2]
				[] - PooledDataSource forcefully closed/removed all connections.  
| [DEBUG] [2017-07-03 18:12:20,229] [org.apache.ibatis.datasource.pooled.PooledDataSource] [DefaultQuartzScheduler_Worker-1]
				[] - PooledDataSource forcefully closed/removed all connections.  
| [DEBUG] [2017-07-03 18:12:20,230] [org.apache.ibatis.datasource.pooled.PooledDataSource] [DefaultQuartzScheduler_Worker-1]
				[] - PooledDataSource forcefully closed/removed all connections.  
| [DEBUG] [2017-07-03 18:12:20,230] [org.apache.ibatis.datasource.pooled.PooledDataSource] [DefaultQuartzScheduler_Worker-2]
				[] - PooledDataSource forcefully closed/removed all connections.  
| [DEBUG] [2017-07-03 18:12:20,231] [org.apache.ibatis.datasource.pooled.PooledDataSource] [DefaultQuartzScheduler_Worker-1]
				[] - PooledDataSource forcefully closed/removed all connections.  
| [DEBUG] [2017-07-03 18:12:20,232] [org.apache.ibatis.datasource.pooled.PooledDataSource] [DefaultQuartzScheduler_Worker-1]
				[] - PooledDataSource forcefully closed/removed all connections.  
| [DEBUG] [2017-07-03 18:12:20,232] [org.apache.ibatis.datasource.pooled.PooledDataSource] [DefaultQuartzScheduler_Worker-2]
				[] - PooledDataSource forcefully closed/removed all connections.  
| [DEBUG] [2017-07-03 18:12:20,355] [com.eluon.pim.snmp.job.SwitchInfoUpdate] [DefaultQuartzScheduler_Worker-2]
				[] - === Start ===  
| [ERROR] [2017-07-03 18:12:20,358] [org.quartz.core.JobRunShell] [DefaultQuartzScheduler_Worker-1]
				[] - Job server.serverSecJob threw an unhandled Exception:  java.lang.NullPointerException: null
	at com.eluon.pim.snmp.job.ServerInfoUpdate.execute(ServerInfoUpdate.java:39)
	at org.quartz.core.JobRunShell.run(JobRunShell.java:223)
	at org.quartz.simpl.SimpleThreadPool$WorkerThread.run(SimpleThreadPool.java:549)
 
| [ERROR] [2017-07-03 18:12:20,358] [org.quartz.core.JobRunShell] [DefaultQuartzScheduler_Worker-2]
				[] - Job group1.infoJob threw an unhandled Exception:  java.lang.NullPointerException: null
	at com.eluon.pim.snmp.job.SwitchInfoUpdate.execute(SwitchInfoUpdate.java:40)
	at org.quartz.core.JobRunShell.run(JobRunShell.java:223)
	at org.quartz.simpl.SimpleThreadPool$WorkerThread.run(SimpleThreadPool.java:549)
 
| [ERROR] [2017-07-03 18:12:20,359] [org.quartz.core.ErrorLogger] [DefaultQuartzScheduler_Worker-1]
				[] - Job (server.serverSecJob threw an exception. java.lang.NullPointerException: null
	at com.eluon.pim.snmp.job.ServerInfoUpdate.execute(ServerInfoUpdate.java:39)
	at org.quartz.core.JobRunShell.run(JobRunShell.java:223)
	... 1 common frames omitted
Wrapped by: org.quartz.SchedulerException: Job threw an unhandled exception.
	at org.quartz.core.JobRunShell.run(JobRunShell.java:234)
	at org.quartz.simpl.SimpleThreadPool$WorkerThread.run(SimpleThreadPool.java:549)
 
| [ERROR] [2017-07-03 18:12:20,359] [org.quartz.core.ErrorLogger] [DefaultQuartzScheduler_Worker-2]
				[] - Job (group1.infoJob threw an exception. java.lang.NullPointerException: null
	at com.eluon.pim.snmp.job.SwitchInfoUpdate.execute(SwitchInfoUpdate.java:40)
	at org.quartz.core.JobRunShell.run(JobRunShell.java:223)
	... 1 common frames omitted
Wrapped by: org.quartz.SchedulerException: Job threw an unhandled exception.
	at org.quartz.core.JobRunShell.run(JobRunShell.java:234)
	at org.quartz.simpl.SimpleThreadPool$WorkerThread.run(SimpleThreadPool.java:549)
 
| [DEBUG] [2017-07-03 18:12:30,001] [org.quartz.simpl.SimpleJobFactory] [DefaultQuartzScheduler_QuartzSchedulerThread]
				[] - Producing instance of Job 'group1.infoJob', class=com.eluon.pim.snmp.job.SwitchInfoUpdate  
| [DEBUG] [2017-07-03 18:12:30,001] [org.quartz.core.JobRunShell] [DefaultQuartzScheduler_Worker-4]
				[] - Calling execute on job group1.infoJob  
| [DEBUG] [2017-07-03 18:12:30,003] [com.eluon.pim.snmp.job.SwitchInfoUpdate] [DefaultQuartzScheduler_Worker-4]
				[] - === Start ===  
| [DEBUG] [2017-07-03 18:12:30,003] [org.quartz.simpl.SimpleJobFactory] [DefaultQuartzScheduler_QuartzSchedulerThread]
				[] - Producing instance of Job 'server.minStatJob', class=com.eluon.pim.snmp.job.ServerStatMin  
| [ERROR] [2017-07-03 18:12:30,003] [org.quartz.core.JobRunShell] [DefaultQuartzScheduler_Worker-4]
				[] - Job group1.infoJob threw an unhandled Exception:  java.lang.NullPointerException: null
	at com.eluon.pim.snmp.job.SwitchInfoUpdate.execute(SwitchInfoUpdate.java:40)
	at org.quartz.core.JobRunShell.run(JobRunShell.java:223)
	at org.quartz.simpl.SimpleThreadPool$WorkerThread.run(SimpleThreadPool.java:549)
 
| [ERROR] [2017-07-03 18:12:30,004] [org.quartz.core.ErrorLogger] [DefaultQuartzScheduler_Worker-4]
				[] - Job (group1.infoJob threw an exception. java.lang.NullPointerException: null
	at com.eluon.pim.snmp.job.SwitchInfoUpdate.execute(SwitchInfoUpdate.java:40)
	at org.quartz.core.JobRunShell.run(JobRunShell.java:223)
	... 1 common frames omitted
Wrapped by: org.quartz.SchedulerException: Job threw an unhandled exception.
	at org.quartz.core.JobRunShell.run(JobRunShell.java:234)
	at org.quartz.simpl.SimpleThreadPool$WorkerThread.run(SimpleThreadPool.java:549)
 
| [DEBUG] [2017-07-03 18:12:30,004] [org.quartz.core.JobRunShell] [DefaultQuartzScheduler_Worker-5]
				[] - Calling execute on job server.minStatJob  
| [DEBUG] [2017-07-03 18:12:30,006] [org.quartz.simpl.SimpleJobFactory] [DefaultQuartzScheduler_QuartzSchedulerThread]
				[] - Producing instance of Job 'server.serverSecJob', class=com.eluon.pim.snmp.job.ServerInfoUpdate  
| [DEBUG] [2017-07-03 18:12:30,007] [org.quartz.core.JobRunShell] [DefaultQuartzScheduler_Worker-6]
				[] - Calling execute on job server.serverSecJob  
| [ERROR] [2017-07-03 18:12:30,010] [org.quartz.core.JobRunShell] [DefaultQuartzScheduler_Worker-6]
				[] - Job server.serverSecJob threw an unhandled Exception:  java.lang.NullPointerException: null
	at com.eluon.pim.snmp.job.ServerInfoUpdate.execute(ServerInfoUpdate.java:39)
	at org.quartz.core.JobRunShell.run(JobRunShell.java:223)
	at org.quartz.simpl.SimpleThreadPool$WorkerThread.run(SimpleThreadPool.java:549)
 
| [ERROR] [2017-07-03 18:12:30,011] [org.quartz.core.ErrorLogger] [DefaultQuartzScheduler_Worker-6]
				[] - Job (server.serverSecJob threw an exception. java.lang.NullPointerException: null
	at com.eluon.pim.snmp.job.ServerInfoUpdate.execute(ServerInfoUpdate.java:39)
	at org.quartz.core.JobRunShell.run(JobRunShell.java:223)
	... 1 common frames omitted
Wrapped by: org.quartz.SchedulerException: Job threw an unhandled exception.
	at org.quartz.core.JobRunShell.run(JobRunShell.java:234)
	at org.quartz.simpl.SimpleThreadPool$WorkerThread.run(SimpleThreadPool.java:549)
 
| [INFO ] [2017-07-03 18:23:46,629] [org.quartz.impl.StdSchedulerFactory] [main]
				[] - Using default implementation for ThreadExecutor  
| [INFO ] [2017-07-03 18:23:46,635] [org.quartz.simpl.SimpleThreadPool] [main]
				[] - Job execution threads will use class loader of thread: main  
| [INFO ] [2017-07-03 18:23:46,662] [org.quartz.core.SchedulerSignalerImpl] [main]
				[] - Initialized Scheduler Signaller of type: class org.quartz.core.SchedulerSignalerImpl  
| [INFO ] [2017-07-03 18:23:46,664] [org.quartz.core.QuartzScheduler] [main]
				[] - Quartz Scheduler v.1.8.6 created.  
| [INFO ] [2017-07-03 18:23:46,668] [org.quartz.simpl.RAMJobStore] [main]
				[] - RAMJobStore initialized.  
| [INFO ] [2017-07-03 18:23:46,670] [org.quartz.core.QuartzScheduler] [main]
				[] - Scheduler meta-data: Quartz Scheduler (v1.8.6) 'DefaultQuartzScheduler' with instanceId 'NON_CLUSTERED'
  Scheduler class: 'org.quartz.core.QuartzScheduler' - running locally.
  NOT STARTED.
  Currently in standby mode.
  Number of jobs executed: 0
  Using thread pool 'org.quartz.simpl.SimpleThreadPool' - with 10 threads.
  Using job-store 'org.quartz.simpl.RAMJobStore' - which does not support persistence. and is not clustered.
  
| [INFO ] [2017-07-03 18:23:46,671] [org.quartz.impl.StdSchedulerFactory] [main]
				[] - Quartz scheduler 'DefaultQuartzScheduler' initialized from default resource file in Quartz package: 'quartz.properties'  
| [INFO ] [2017-07-03 18:23:46,671] [org.quartz.impl.StdSchedulerFactory] [main]
				[] - Quartz scheduler version: 1.8.6  
| [INFO ] [2017-07-03 18:23:46,671] [org.quartz.core.QuartzScheduler] [main]
				[] - Scheduler DefaultQuartzScheduler_$_NON_CLUSTERED started.  
| [DEBUG] [2017-07-03 18:23:47,664] [org.quartz.utils.UpdateChecker] [Timer-0]
				[] - Checking for available updated version of Quartz...  
| [DEBUG] [2017-07-03 18:23:50,004] [org.quartz.simpl.SimpleJobFactory] [DefaultQuartzScheduler_QuartzSchedulerThread]
				[] - Producing instance of Job 'server.serverSecJob', class=com.eluon.pim.snmp.job.ServerInfoUpdate  
| [DEBUG] [2017-07-03 18:23:50,009] [org.quartz.core.JobRunShell] [DefaultQuartzScheduler_Worker-1]
				[] - Calling execute on job server.serverSecJob  
| [DEBUG] [2017-07-03 18:23:50,010] [org.quartz.simpl.SimpleJobFactory] [DefaultQuartzScheduler_QuartzSchedulerThread]
				[] - Producing instance of Job 'server.minStatJob', class=com.eluon.pim.snmp.job.ServerStatMin  
| [DEBUG] [2017-07-03 18:23:50,011] [org.quartz.core.JobRunShell] [DefaultQuartzScheduler_Worker-2]
				[] - Calling execute on job server.minStatJob  
| [DEBUG] [2017-07-03 18:23:50,150] [org.apache.ibatis.logging.LogFactory] [DefaultQuartzScheduler_Worker-1]
				[] - Logging initialized using 'class org.apache.ibatis.logging.slf4j.Slf4jImpl' adapter.  
| [DEBUG] [2017-07-03 18:23:50,172] [org.apache.ibatis.datasource.pooled.PooledDataSource] [DefaultQuartzScheduler_Worker-1]
				[] - PooledDataSource forcefully closed/removed all connections.  
| [DEBUG] [2017-07-03 18:23:50,173] [org.apache.ibatis.datasource.pooled.PooledDataSource] [DefaultQuartzScheduler_Worker-1]
				[] - PooledDataSource forcefully closed/removed all connections.  
| [DEBUG] [2017-07-03 18:23:50,173] [org.apache.ibatis.datasource.pooled.PooledDataSource] [DefaultQuartzScheduler_Worker-1]
				[] - PooledDataSource forcefully closed/removed all connections.  
| [DEBUG] [2017-07-03 18:23:50,174] [org.apache.ibatis.datasource.pooled.PooledDataSource] [DefaultQuartzScheduler_Worker-1]
				[] - PooledDataSource forcefully closed/removed all connections.  
| [ERROR] [2017-07-03 18:23:50,287] [org.quartz.core.JobRunShell] [DefaultQuartzScheduler_Worker-1]
				[] - Job server.serverSecJob threw an unhandled Exception:  java.lang.NullPointerException: null
	at com.eluon.pim.snmp.job.ServerInfoUpdate.execute(ServerInfoUpdate.java:39)
	at org.quartz.core.JobRunShell.run(JobRunShell.java:223)
	at org.quartz.simpl.SimpleThreadPool$WorkerThread.run(SimpleThreadPool.java:549)
 
| [ERROR] [2017-07-03 18:23:50,288] [org.quartz.core.ErrorLogger] [DefaultQuartzScheduler_Worker-1]
				[] - Job (server.serverSecJob threw an exception. java.lang.NullPointerException: null
	at com.eluon.pim.snmp.job.ServerInfoUpdate.execute(ServerInfoUpdate.java:39)
	at org.quartz.core.JobRunShell.run(JobRunShell.java:223)
	... 1 common frames omitted
Wrapped by: org.quartz.SchedulerException: Job threw an unhandled exception.
	at org.quartz.core.JobRunShell.run(JobRunShell.java:234)
	at org.quartz.simpl.SimpleThreadPool$WorkerThread.run(SimpleThreadPool.java:549)
 
| [DEBUG] [2017-07-03 18:24:00,002] [org.quartz.simpl.SimpleJobFactory] [DefaultQuartzScheduler_QuartzSchedulerThread]
				[] - Producing instance of Job 'server.minStatJob', class=com.eluon.pim.snmp.job.ServerStatMin  
| [DEBUG] [2017-07-03 18:24:00,003] [org.quartz.core.JobRunShell] [DefaultQuartzScheduler_Worker-3]
				[] - Calling execute on job server.minStatJob  
| [DEBUG] [2017-07-03 18:24:00,011] [org.quartz.simpl.SimpleJobFactory] [DefaultQuartzScheduler_QuartzSchedulerThread]
				[] - Producing instance of Job 'server.serverSecJob', class=com.eluon.pim.snmp.job.ServerInfoUpdate  
| [DEBUG] [2017-07-03 18:24:00,015] [org.quartz.core.JobRunShell] [DefaultQuartzScheduler_Worker-4]
				[] - Calling execute on job server.serverSecJob  
| [ERROR] [2017-07-03 18:24:00,016] [org.quartz.core.JobRunShell] [DefaultQuartzScheduler_Worker-4]
				[] - Job server.serverSecJob threw an unhandled Exception:  java.lang.NullPointerException: null
	at com.eluon.pim.snmp.job.ServerInfoUpdate.execute(ServerInfoUpdate.java:39)
	at org.quartz.core.JobRunShell.run(JobRunShell.java:223)
	at org.quartz.simpl.SimpleThreadPool$WorkerThread.run(SimpleThreadPool.java:549)
 
| [ERROR] [2017-07-03 18:24:00,016] [org.quartz.core.ErrorLogger] [DefaultQuartzScheduler_Worker-4]
				[] - Job (server.serverSecJob threw an exception. java.lang.NullPointerException: null
	at com.eluon.pim.snmp.job.ServerInfoUpdate.execute(ServerInfoUpdate.java:39)
	at org.quartz.core.JobRunShell.run(JobRunShell.java:223)
	... 1 common frames omitted
Wrapped by: org.quartz.SchedulerException: Job threw an unhandled exception.
	at org.quartz.core.JobRunShell.run(JobRunShell.java:234)
	at org.quartz.simpl.SimpleThreadPool$WorkerThread.run(SimpleThreadPool.java:549)
 
| [DEBUG] [2017-07-03 18:24:10,000] [org.quartz.simpl.SimpleJobFactory] [DefaultQuartzScheduler_QuartzSchedulerThread]
				[] - Producing instance of Job 'server.minStatJob', class=com.eluon.pim.snmp.job.ServerStatMin  
| [DEBUG] [2017-07-03 18:24:10,001] [org.quartz.core.JobRunShell] [DefaultQuartzScheduler_Worker-5]
				[] - Calling execute on job server.minStatJob  
| [DEBUG] [2017-07-03 18:24:10,002] [org.quartz.simpl.SimpleJobFactory] [DefaultQuartzScheduler_QuartzSchedulerThread]
				[] - Producing instance of Job 'server.serverSecJob', class=com.eluon.pim.snmp.job.ServerInfoUpdate  
| [DEBUG] [2017-07-03 18:24:10,003] [org.quartz.core.JobRunShell] [DefaultQuartzScheduler_Worker-6]
				[] - Calling execute on job server.serverSecJob  
| [ERROR] [2017-07-03 18:24:10,005] [org.quartz.core.JobRunShell] [DefaultQuartzScheduler_Worker-6]
				[] - Job server.serverSecJob threw an unhandled Exception:  java.lang.NullPointerException: null
	at com.eluon.pim.snmp.job.ServerInfoUpdate.execute(ServerInfoUpdate.java:39)
	at org.quartz.core.JobRunShell.run(JobRunShell.java:223)
	at org.quartz.simpl.SimpleThreadPool$WorkerThread.run(SimpleThreadPool.java:549)
 
| [ERROR] [2017-07-03 18:24:10,006] [org.quartz.core.ErrorLogger] [DefaultQuartzScheduler_Worker-6]
				[] - Job (server.serverSecJob threw an exception. java.lang.NullPointerException: null
	at com.eluon.pim.snmp.job.ServerInfoUpdate.execute(ServerInfoUpdate.java:39)
	at org.quartz.core.JobRunShell.run(JobRunShell.java:223)
	... 1 common frames omitted
Wrapped by: org.quartz.SchedulerException: Job threw an unhandled exception.
	at org.quartz.core.JobRunShell.run(JobRunShell.java:234)
	at org.quartz.simpl.SimpleThreadPool$WorkerThread.run(SimpleThreadPool.java:549)
 
| [DEBUG] [2017-07-03 18:24:20,007] [org.quartz.simpl.SimpleJobFactory] [DefaultQuartzScheduler_QuartzSchedulerThread]
				[] - Producing instance of Job 'server.minStatJob', class=com.eluon.pim.snmp.job.ServerStatMin  
| [DEBUG] [2017-07-03 18:24:20,011] [org.quartz.core.JobRunShell] [DefaultQuartzScheduler_Worker-7]
				[] - Calling execute on job server.minStatJob  
| [DEBUG] [2017-07-03 18:24:20,016] [org.quartz.simpl.SimpleJobFactory] [DefaultQuartzScheduler_QuartzSchedulerThread]
				[] - Producing instance of Job 'server.serverSecJob', class=com.eluon.pim.snmp.job.ServerInfoUpdate  
| [DEBUG] [2017-07-03 18:24:20,018] [org.quartz.core.JobRunShell] [DefaultQuartzScheduler_Worker-8]
				[] - Calling execute on job server.serverSecJob  
| [ERROR] [2017-07-03 18:24:20,020] [org.quartz.core.JobRunShell] [DefaultQuartzScheduler_Worker-8]
				[] - Job server.serverSecJob threw an unhandled Exception:  java.lang.NullPointerException: null
	at com.eluon.pim.snmp.job.ServerInfoUpdate.execute(ServerInfoUpdate.java:39)
	at org.quartz.core.JobRunShell.run(JobRunShell.java:223)
	at org.quartz.simpl.SimpleThreadPool$WorkerThread.run(SimpleThreadPool.java:549)
 
| [ERROR] [2017-07-03 18:24:20,021] [org.quartz.core.ErrorLogger] [DefaultQuartzScheduler_Worker-8]
				[] - Job (server.serverSecJob threw an exception. java.lang.NullPointerException: null
	at com.eluon.pim.snmp.job.ServerInfoUpdate.execute(ServerInfoUpdate.java:39)
	at org.quartz.core.JobRunShell.run(JobRunShell.java:223)
	... 1 common frames omitted
Wrapped by: org.quartz.SchedulerException: Job threw an unhandled exception.
	at org.quartz.core.JobRunShell.run(JobRunShell.java:234)
	at org.quartz.simpl.SimpleThreadPool$WorkerThread.run(SimpleThreadPool.java:549)
 
| [DEBUG] [2017-07-03 18:24:30,002] [org.quartz.simpl.SimpleJobFactory] [DefaultQuartzScheduler_QuartzSchedulerThread]
				[] - Producing instance of Job 'server.minStatJob', class=com.eluon.pim.snmp.job.ServerStatMin  
| [DEBUG] [2017-07-03 18:24:30,004] [org.quartz.core.JobRunShell] [DefaultQuartzScheduler_Worker-9]
				[] - Calling execute on job server.minStatJob  
| [DEBUG] [2017-07-03 18:24:30,006] [org.quartz.simpl.SimpleJobFactory] [DefaultQuartzScheduler_QuartzSchedulerThread]
				[] - Producing instance of Job 'server.serverSecJob', class=com.eluon.pim.snmp.job.ServerInfoUpdate  
| [DEBUG] [2017-07-03 18:24:30,007] [org.quartz.core.JobRunShell] [DefaultQuartzScheduler_Worker-10]
				[] - Calling execute on job server.serverSecJob  
| [ERROR] [2017-07-03 18:24:30,009] [org.quartz.core.JobRunShell] [DefaultQuartzScheduler_Worker-10]
				[] - Job server.serverSecJob threw an unhandled Exception:  java.lang.NullPointerException: null
	at com.eluon.pim.snmp.job.ServerInfoUpdate.execute(ServerInfoUpdate.java:39)
	at org.quartz.core.JobRunShell.run(JobRunShell.java:223)
	at org.quartz.simpl.SimpleThreadPool$WorkerThread.run(SimpleThreadPool.java:549)
 
| [ERROR] [2017-07-03 18:24:30,010] [org.quartz.core.ErrorLogger] [DefaultQuartzScheduler_Worker-10]
				[] - Job (server.serverSecJob threw an exception. java.lang.NullPointerException: null
	at com.eluon.pim.snmp.job.ServerInfoUpdate.execute(ServerInfoUpdate.java:39)
	at org.quartz.core.JobRunShell.run(JobRunShell.java:223)
	... 1 common frames omitted
Wrapped by: org.quartz.SchedulerException: Job threw an unhandled exception.
	at org.quartz.core.JobRunShell.run(JobRunShell.java:234)
	at org.quartz.simpl.SimpleThreadPool$WorkerThread.run(SimpleThreadPool.java:549)
 
| [DEBUG] [2017-07-03 18:24:40,000] [org.quartz.simpl.SimpleJobFactory] [DefaultQuartzScheduler_QuartzSchedulerThread]
				[] - Producing instance of Job 'server.minStatJob', class=com.eluon.pim.snmp.job.ServerStatMin  
| [DEBUG] [2017-07-03 18:24:40,002] [org.quartz.core.JobRunShell] [DefaultQuartzScheduler_Worker-2]
				[] - Calling execute on job server.minStatJob  
| [DEBUG] [2017-07-03 18:24:40,004] [org.quartz.simpl.SimpleJobFactory] [DefaultQuartzScheduler_QuartzSchedulerThread]
				[] - Producing instance of Job 'server.serverSecJob', class=com.eluon.pim.snmp.job.ServerInfoUpdate  
| [DEBUG] [2017-07-03 18:24:40,006] [org.quartz.core.JobRunShell] [DefaultQuartzScheduler_Worker-1]
				[] - Calling execute on job server.serverSecJob  
| [ERROR] [2017-07-03 18:24:40,016] [org.quartz.core.JobRunShell] [DefaultQuartzScheduler_Worker-1]
				[] - Job server.serverSecJob threw an unhandled Exception:  java.lang.NullPointerException: null
	at com.eluon.pim.snmp.job.ServerInfoUpdate.execute(ServerInfoUpdate.java:39)
	at org.quartz.core.JobRunShell.run(JobRunShell.java:223)
	at org.quartz.simpl.SimpleThreadPool$WorkerThread.run(SimpleThreadPool.java:549)
 
| [ERROR] [2017-07-03 18:24:40,017] [org.quartz.core.ErrorLogger] [DefaultQuartzScheduler_Worker-1]
				[] - Job (server.serverSecJob threw an exception. java.lang.NullPointerException: null
	at com.eluon.pim.snmp.job.ServerInfoUpdate.execute(ServerInfoUpdate.java:39)
	at org.quartz.core.JobRunShell.run(JobRunShell.java:223)
	... 1 common frames omitted
Wrapped by: org.quartz.SchedulerException: Job threw an unhandled exception.
	at org.quartz.core.JobRunShell.run(JobRunShell.java:234)
	at org.quartz.simpl.SimpleThreadPool$WorkerThread.run(SimpleThreadPool.java:549)
 
| [DEBUG] [2017-07-03 18:24:50,001] [org.quartz.simpl.SimpleJobFactory] [DefaultQuartzScheduler_QuartzSchedulerThread]
				[] - Producing instance of Job 'server.minStatJob', class=com.eluon.pim.snmp.job.ServerStatMin  
| [DEBUG] [2017-07-03 18:24:50,006] [org.quartz.core.JobRunShell] [DefaultQuartzScheduler_Worker-3]
				[] - Calling execute on job server.minStatJob  
| [DEBUG] [2017-07-03 18:24:50,009] [org.quartz.simpl.SimpleJobFactory] [DefaultQuartzScheduler_QuartzSchedulerThread]
				[] - Producing instance of Job 'server.serverSecJob', class=com.eluon.pim.snmp.job.ServerInfoUpdate  
| [DEBUG] [2017-07-03 18:24:50,010] [org.quartz.core.JobRunShell] [DefaultQuartzScheduler_Worker-4]
				[] - Calling execute on job server.serverSecJob  
| [ERROR] [2017-07-03 18:24:50,012] [org.quartz.core.JobRunShell] [DefaultQuartzScheduler_Worker-4]
				[] - Job server.serverSecJob threw an unhandled Exception:  java.lang.NullPointerException: null
	at com.eluon.pim.snmp.job.ServerInfoUpdate.execute(ServerInfoUpdate.java:39)
	at org.quartz.core.JobRunShell.run(JobRunShell.java:223)
	at org.quartz.simpl.SimpleThreadPool$WorkerThread.run(SimpleThreadPool.java:549)
 
| [ERROR] [2017-07-03 18:24:50,013] [org.quartz.core.ErrorLogger] [DefaultQuartzScheduler_Worker-4]
				[] - Job (server.serverSecJob threw an exception. java.lang.NullPointerException: null
	at com.eluon.pim.snmp.job.ServerInfoUpdate.execute(ServerInfoUpdate.java:39)
	at org.quartz.core.JobRunShell.run(JobRunShell.java:223)
	... 1 common frames omitted
Wrapped by: org.quartz.SchedulerException: Job threw an unhandled exception.
	at org.quartz.core.JobRunShell.run(JobRunShell.java:234)
	at org.quartz.simpl.SimpleThreadPool$WorkerThread.run(SimpleThreadPool.java:549)
 
| [DEBUG] [2017-07-03 18:25:00,001] [org.quartz.simpl.SimpleJobFactory] [DefaultQuartzScheduler_QuartzSchedulerThread]
				[] - Producing instance of Job 'server.minStatJob', class=com.eluon.pim.snmp.job.ServerStatMin  
| [DEBUG] [2017-07-03 18:25:00,003] [org.quartz.core.JobRunShell] [DefaultQuartzScheduler_Worker-5]
				[] - Calling execute on job server.minStatJob  
| [DEBUG] [2017-07-03 18:25:00,004] [org.quartz.simpl.SimpleJobFactory] [DefaultQuartzScheduler_QuartzSchedulerThread]
				[] - Producing instance of Job 'server.serverSecJob', class=com.eluon.pim.snmp.job.ServerInfoUpdate  
| [DEBUG] [2017-07-03 18:25:00,006] [org.quartz.core.JobRunShell] [DefaultQuartzScheduler_Worker-6]
				[] - Calling execute on job server.serverSecJob  
| [ERROR] [2017-07-03 18:25:00,007] [org.quartz.core.JobRunShell] [DefaultQuartzScheduler_Worker-6]
				[] - Job server.serverSecJob threw an unhandled Exception:  java.lang.NullPointerException: null
	at com.eluon.pim.snmp.job.ServerInfoUpdate.execute(ServerInfoUpdate.java:39)
	at org.quartz.core.JobRunShell.run(JobRunShell.java:223)
	at org.quartz.simpl.SimpleThreadPool$WorkerThread.run(SimpleThreadPool.java:549)
 
| [ERROR] [2017-07-03 18:25:00,008] [org.quartz.core.ErrorLogger] [DefaultQuartzScheduler_Worker-6]
				[] - Job (server.serverSecJob threw an exception. java.lang.NullPointerException: null
	at com.eluon.pim.snmp.job.ServerInfoUpdate.execute(ServerInfoUpdate.java:39)
	at org.quartz.core.JobRunShell.run(JobRunShell.java:223)
	... 1 common frames omitted
Wrapped by: org.quartz.SchedulerException: Job threw an unhandled exception.
	at org.quartz.core.JobRunShell.run(JobRunShell.java:234)
	at org.quartz.simpl.SimpleThreadPool$WorkerThread.run(SimpleThreadPool.java:549)
 
| [DEBUG] [2017-07-03 18:25:10,000] [org.quartz.simpl.SimpleJobFactory] [DefaultQuartzScheduler_QuartzSchedulerThread]
				[] - Producing instance of Job 'server.minStatJob', class=com.eluon.pim.snmp.job.ServerStatMin  
| [DEBUG] [2017-07-03 18:25:10,003] [org.quartz.core.JobRunShell] [DefaultQuartzScheduler_Worker-7]
				[] - Calling execute on job server.minStatJob  
| [DEBUG] [2017-07-03 18:25:10,006] [org.quartz.simpl.SimpleJobFactory] [DefaultQuartzScheduler_QuartzSchedulerThread]
				[] - Producing instance of Job 'server.serverSecJob', class=com.eluon.pim.snmp.job.ServerInfoUpdate  
| [DEBUG] [2017-07-03 18:25:10,007] [org.quartz.core.JobRunShell] [DefaultQuartzScheduler_Worker-8]
				[] - Calling execute on job server.serverSecJob  
| [ERROR] [2017-07-03 18:25:10,010] [org.quartz.core.JobRunShell] [DefaultQuartzScheduler_Worker-8]
				[] - Job server.serverSecJob threw an unhandled Exception:  java.lang.NullPointerException: null
	at com.eluon.pim.snmp.job.ServerInfoUpdate.execute(ServerInfoUpdate.java:39)
	at org.quartz.core.JobRunShell.run(JobRunShell.java:223)
	at org.quartz.simpl.SimpleThreadPool$WorkerThread.run(SimpleThreadPool.java:549)
 
| [ERROR] [2017-07-03 18:25:10,014] [org.quartz.core.ErrorLogger] [DefaultQuartzScheduler_Worker-8]
				[] - Job (server.serverSecJob threw an exception. java.lang.NullPointerException: null
	at com.eluon.pim.snmp.job.ServerInfoUpdate.execute(ServerInfoUpdate.java:39)
	at org.quartz.core.JobRunShell.run(JobRunShell.java:223)
	... 1 common frames omitted
Wrapped by: org.quartz.SchedulerException: Job threw an unhandled exception.
	at org.quartz.core.JobRunShell.run(JobRunShell.java:234)
	at org.quartz.simpl.SimpleThreadPool$WorkerThread.run(SimpleThreadPool.java:549)
 
| [DEBUG] [2017-07-03 18:25:20,001] [org.quartz.simpl.SimpleJobFactory] [DefaultQuartzScheduler_QuartzSchedulerThread]
				[] - Producing instance of Job 'server.minStatJob', class=com.eluon.pim.snmp.job.ServerStatMin  
| [DEBUG] [2017-07-03 18:25:20,002] [org.quartz.core.JobRunShell] [DefaultQuartzScheduler_Worker-9]
				[] - Calling execute on job server.minStatJob  
| [DEBUG] [2017-07-03 18:25:20,002] [org.quartz.simpl.SimpleJobFactory] [DefaultQuartzScheduler_QuartzSchedulerThread]
				[] - Producing instance of Job 'server.serverSecJob', class=com.eluon.pim.snmp.job.ServerInfoUpdate  
| [DEBUG] [2017-07-03 18:25:20,004] [org.quartz.core.JobRunShell] [DefaultQuartzScheduler_Worker-10]
				[] - Calling execute on job server.serverSecJob  
| [ERROR] [2017-07-03 18:25:20,005] [org.quartz.core.JobRunShell] [DefaultQuartzScheduler_Worker-10]
				[] - Job server.serverSecJob threw an unhandled Exception:  java.lang.NullPointerException: null
	at com.eluon.pim.snmp.job.ServerInfoUpdate.execute(ServerInfoUpdate.java:39)
	at org.quartz.core.JobRunShell.run(JobRunShell.java:223)
	at org.quartz.simpl.SimpleThreadPool$WorkerThread.run(SimpleThreadPool.java:549)
 
| [ERROR] [2017-07-03 18:25:20,006] [org.quartz.core.ErrorLogger] [DefaultQuartzScheduler_Worker-10]
				[] - Job (server.serverSecJob threw an exception. java.lang.NullPointerException: null
	at com.eluon.pim.snmp.job.ServerInfoUpdate.execute(ServerInfoUpdate.java:39)
	at org.quartz.core.JobRunShell.run(JobRunShell.java:223)
	... 1 common frames omitted
Wrapped by: org.quartz.SchedulerException: Job threw an unhandled exception.
	at org.quartz.core.JobRunShell.run(JobRunShell.java:234)
	at org.quartz.simpl.SimpleThreadPool$WorkerThread.run(SimpleThreadPool.java:549)
 
| [INFO ] [2017-07-03 18:25:35,897] [org.quartz.impl.StdSchedulerFactory] [main]
				[] - Using default implementation for ThreadExecutor  
| [INFO ] [2017-07-03 18:25:35,913] [org.quartz.simpl.SimpleThreadPool] [main]
				[] - Job execution threads will use class loader of thread: main  
| [INFO ] [2017-07-03 18:25:35,972] [org.quartz.core.SchedulerSignalerImpl] [main]
				[] - Initialized Scheduler Signaller of type: class org.quartz.core.SchedulerSignalerImpl  
| [INFO ] [2017-07-03 18:25:35,981] [org.quartz.core.QuartzScheduler] [main]
				[] - Quartz Scheduler v.1.8.6 created.  
| [INFO ] [2017-07-03 18:25:35,984] [org.quartz.simpl.RAMJobStore] [main]
				[] - RAMJobStore initialized.  
| [INFO ] [2017-07-03 18:25:35,991] [org.quartz.core.QuartzScheduler] [main]
				[] - Scheduler meta-data: Quartz Scheduler (v1.8.6) 'DefaultQuartzScheduler' with instanceId 'NON_CLUSTERED'
  Scheduler class: 'org.quartz.core.QuartzScheduler' - running locally.
  NOT STARTED.
  Currently in standby mode.
  Number of jobs executed: 0
  Using thread pool 'org.quartz.simpl.SimpleThreadPool' - with 10 threads.
  Using job-store 'org.quartz.simpl.RAMJobStore' - which does not support persistence. and is not clustered.
  
| [INFO ] [2017-07-03 18:25:35,992] [org.quartz.impl.StdSchedulerFactory] [main]
				[] - Quartz scheduler 'DefaultQuartzScheduler' initialized from default resource file in Quartz package: 'quartz.properties'  
| [INFO ] [2017-07-03 18:25:35,992] [org.quartz.impl.StdSchedulerFactory] [main]
				[] - Quartz scheduler version: 1.8.6  
| [INFO ] [2017-07-03 18:25:35,992] [org.quartz.core.QuartzScheduler] [main]
				[] - Scheduler DefaultQuartzScheduler_$_NON_CLUSTERED started.  
| [DEBUG] [2017-07-03 18:25:36,982] [org.quartz.utils.UpdateChecker] [Timer-0]
				[] - Checking for available updated version of Quartz...  
| [DEBUG] [2017-07-03 18:25:40,007] [org.quartz.simpl.SimpleJobFactory] [DefaultQuartzScheduler_QuartzSchedulerThread]
				[] - Producing instance of Job 'server.serverSecJob', class=com.eluon.pim.snmp.job.ServerInfoUpdate  
| [DEBUG] [2017-07-03 18:25:40,020] [org.quartz.core.JobRunShell] [DefaultQuartzScheduler_Worker-1]
				[] - Calling execute on job server.serverSecJob  
| [DEBUG] [2017-07-03 18:25:40,021] [org.quartz.simpl.SimpleJobFactory] [DefaultQuartzScheduler_QuartzSchedulerThread]
				[] - Producing instance of Job 'server.minStatJob', class=com.eluon.pim.snmp.job.ServerStatMin  
| [DEBUG] [2017-07-03 18:25:40,024] [org.quartz.core.JobRunShell] [DefaultQuartzScheduler_Worker-2]
				[] - Calling execute on job server.minStatJob  
| [DEBUG] [2017-07-03 18:25:50,000] [org.quartz.simpl.SimpleJobFactory] [DefaultQuartzScheduler_QuartzSchedulerThread]
				[] - Producing instance of Job 'server.minStatJob', class=com.eluon.pim.snmp.job.ServerStatMin  
| [DEBUG] [2017-07-03 18:25:50,001] [org.quartz.core.JobRunShell] [DefaultQuartzScheduler_Worker-3]
				[] - Calling execute on job server.minStatJob  
| [DEBUG] [2017-07-03 18:25:50,002] [org.quartz.simpl.SimpleJobFactory] [DefaultQuartzScheduler_QuartzSchedulerThread]
				[] - Producing instance of Job 'server.serverSecJob', class=com.eluon.pim.snmp.job.ServerInfoUpdate  
| [DEBUG] [2017-07-03 18:25:50,002] [org.quartz.core.JobRunShell] [DefaultQuartzScheduler_Worker-4]
				[] - Calling execute on job server.serverSecJob  
| [DEBUG] [2017-07-03 18:26:00,004] [org.quartz.simpl.SimpleJobFactory] [DefaultQuartzScheduler_QuartzSchedulerThread]
				[] - Producing instance of Job 'server.minStatJob', class=com.eluon.pim.snmp.job.ServerStatMin  
| [DEBUG] [2017-07-03 18:26:00,014] [org.quartz.core.JobRunShell] [DefaultQuartzScheduler_Worker-5]
				[] - Calling execute on job server.minStatJob  
| [DEBUG] [2017-07-03 18:26:00,016] [org.quartz.simpl.SimpleJobFactory] [DefaultQuartzScheduler_QuartzSchedulerThread]
				[] - Producing instance of Job 'server.serverSecJob', class=com.eluon.pim.snmp.job.ServerInfoUpdate  
| [DEBUG] [2017-07-03 18:26:00,017] [org.quartz.core.JobRunShell] [DefaultQuartzScheduler_Worker-6]
				[] - Calling execute on job server.serverSecJob  
| [DEBUG] [2017-07-03 18:26:00,432] [org.apache.ibatis.logging.LogFactory] [DefaultQuartzScheduler_Worker-1]
				[] - Logging initialized using 'class org.apache.ibatis.logging.slf4j.Slf4jImpl' adapter.  
| [DEBUG] [2017-07-03 18:26:00,483] [org.apache.ibatis.datasource.pooled.PooledDataSource] [DefaultQuartzScheduler_Worker-1]
				[] - PooledDataSource forcefully closed/removed all connections.  
| [DEBUG] [2017-07-03 18:26:00,484] [org.apache.ibatis.datasource.pooled.PooledDataSource] [DefaultQuartzScheduler_Worker-1]
				[] - PooledDataSource forcefully closed/removed all connections.  
| [DEBUG] [2017-07-03 18:26:00,485] [org.apache.ibatis.datasource.pooled.PooledDataSource] [DefaultQuartzScheduler_Worker-1]
				[] - PooledDataSource forcefully closed/removed all connections.  
| [DEBUG] [2017-07-03 18:26:00,487] [org.apache.ibatis.datasource.pooled.PooledDataSource] [DefaultQuartzScheduler_Worker-1]
				[] - PooledDataSource forcefully closed/removed all connections.  
| [DEBUG] [2017-07-03 18:26:10,001] [org.quartz.simpl.SimpleJobFactory] [DefaultQuartzScheduler_QuartzSchedulerThread]
				[] - Producing instance of Job 'server.minStatJob', class=com.eluon.pim.snmp.job.ServerStatMin  
| [DEBUG] [2017-07-03 18:26:10,008] [org.quartz.core.JobRunShell] [DefaultQuartzScheduler_Worker-7]
				[] - Calling execute on job server.minStatJob  
| [DEBUG] [2017-07-03 18:26:10,022] [org.quartz.simpl.SimpleJobFactory] [DefaultQuartzScheduler_QuartzSchedulerThread]
				[] - Producing instance of Job 'server.serverSecJob', class=com.eluon.pim.snmp.job.ServerInfoUpdate  
| [DEBUG] [2017-07-03 18:26:10,030] [org.quartz.core.JobRunShell] [DefaultQuartzScheduler_Worker-8]
				[] - Calling execute on job server.serverSecJob  
| [DEBUG] [2017-07-03 18:26:20,002] [org.quartz.simpl.SimpleJobFactory] [DefaultQuartzScheduler_QuartzSchedulerThread]
				[] - Producing instance of Job 'server.minStatJob', class=com.eluon.pim.snmp.job.ServerStatMin  
| [DEBUG] [2017-07-03 18:26:20,005] [org.quartz.core.JobRunShell] [DefaultQuartzScheduler_Worker-9]
				[] - Calling execute on job server.minStatJob  
| [DEBUG] [2017-07-03 18:26:20,007] [org.quartz.simpl.SimpleJobFactory] [DefaultQuartzScheduler_QuartzSchedulerThread]
				[] - Producing instance of Job 'server.serverSecJob', class=com.eluon.pim.snmp.job.ServerInfoUpdate  
| [DEBUG] [2017-07-03 18:26:20,010] [org.quartz.core.JobRunShell] [DefaultQuartzScheduler_Worker-10]
				[] - Calling execute on job server.serverSecJob  
| [DEBUG] [2017-07-03 18:26:30,001] [org.quartz.simpl.SimpleJobFactory] [DefaultQuartzScheduler_QuartzSchedulerThread]
				[] - Producing instance of Job 'server.minStatJob', class=com.eluon.pim.snmp.job.ServerStatMin  
| [DEBUG] [2017-07-03 18:26:30,001] [org.quartz.core.JobRunShell] [DefaultQuartzScheduler_Worker-2]
				[] - Calling execute on job server.minStatJob  
| [DEBUG] [2017-07-03 18:26:30,002] [org.quartz.simpl.SimpleJobFactory] [DefaultQuartzScheduler_QuartzSchedulerThread]
				[] - Producing instance of Job 'server.serverSecJob', class=com.eluon.pim.snmp.job.ServerInfoUpdate  
| [DEBUG] [2017-07-03 18:26:30,002] [org.quartz.core.JobRunShell] [DefaultQuartzScheduler_Worker-3]
				[] - Calling execute on job server.serverSecJob  
| [DEBUG] [2017-07-03 18:26:40,001] [org.quartz.simpl.SimpleJobFactory] [DefaultQuartzScheduler_QuartzSchedulerThread]
				[] - Producing instance of Job 'server.minStatJob', class=com.eluon.pim.snmp.job.ServerStatMin  
| [DEBUG] [2017-07-03 18:26:40,002] [org.quartz.core.JobRunShell] [DefaultQuartzScheduler_Worker-5]
				[] - Calling execute on job server.minStatJob  
| [DEBUG] [2017-07-03 18:26:40,002] [org.quartz.simpl.SimpleJobFactory] [DefaultQuartzScheduler_QuartzSchedulerThread]
				[] - Producing instance of Job 'server.serverSecJob', class=com.eluon.pim.snmp.job.ServerInfoUpdate  
| [DEBUG] [2017-07-03 18:26:40,002] [org.quartz.core.JobRunShell] [DefaultQuartzScheduler_Worker-7]
				[] - Calling execute on job server.serverSecJob  
| [DEBUG] [2017-07-03 18:26:50,000] [org.quartz.simpl.SimpleJobFactory] [DefaultQuartzScheduler_QuartzSchedulerThread]
				[] - Producing instance of Job 'server.minStatJob', class=com.eluon.pim.snmp.job.ServerStatMin  
| [DEBUG] [2017-07-03 18:26:50,002] [org.quartz.core.JobRunShell] [DefaultQuartzScheduler_Worker-9]
				[] - Calling execute on job server.minStatJob  
| [DEBUG] [2017-07-03 18:26:50,004] [org.quartz.simpl.SimpleJobFactory] [DefaultQuartzScheduler_QuartzSchedulerThread]
				[] - Producing instance of Job 'server.serverSecJob', class=com.eluon.pim.snmp.job.ServerInfoUpdate  
| [DEBUG] [2017-07-03 18:26:50,004] [org.quartz.core.JobRunShell] [DefaultQuartzScheduler_Worker-2]
				[] - Calling execute on job server.serverSecJob  
| [DEBUG] [2017-07-03 18:27:00,001] [org.quartz.simpl.SimpleJobFactory] [DefaultQuartzScheduler_QuartzSchedulerThread]
				[] - Producing instance of Job 'server.minStatJob', class=com.eluon.pim.snmp.job.ServerStatMin  
| [DEBUG] [2017-07-03 18:27:00,002] [org.quartz.core.JobRunShell] [DefaultQuartzScheduler_Worker-5]
				[] - Calling execute on job server.minStatJob  
| [DEBUG] [2017-07-03 18:27:00,003] [org.quartz.simpl.SimpleJobFactory] [DefaultQuartzScheduler_QuartzSchedulerThread]
				[] - Producing instance of Job 'server.serverSecJob', class=com.eluon.pim.snmp.job.ServerInfoUpdate  
| [DEBUG] [2017-07-03 18:27:00,003] [org.quartz.core.JobRunShell] [DefaultQuartzScheduler_Worker-9]
				[] - Calling execute on job server.serverSecJob  
%PARSER_ERROR[time] main > INFO  : [%PARSER_ERROR[function]:1179] Using default implementation for ThreadExecutor 
%PARSER_ERROR[time] main > INFO  : [%PARSER_ERROR[function]:270] Job execution threads will use class loader of thread: main 
%PARSER_ERROR[time] main > INFO  : [%PARSER_ERROR[function]:60] Initialized Scheduler Signaller of type: class org.quartz.core.SchedulerSignalerImpl 
%PARSER_ERROR[time] main > INFO  : [%PARSER_ERROR[function]:229] Quartz Scheduler v.1.8.6 created. 
%PARSER_ERROR[time] main > INFO  : [%PARSER_ERROR[function]:139] RAMJobStore initialized. 
%PARSER_ERROR[time] main > INFO  : [%PARSER_ERROR[function]:255] Scheduler meta-data: Quartz Scheduler (v1.8.6) 'DefaultQuartzScheduler' with instanceId 'NON_CLUSTERED'
  Scheduler class: 'org.quartz.core.QuartzScheduler' - running locally.
  NOT STARTED.
  Currently in standby mode.
  Number of jobs executed: 0
  Using thread pool 'org.quartz.simpl.SimpleThreadPool' - with 10 threads.
  Using job-store 'org.quartz.simpl.RAMJobStore' - which does not support persistence. and is not clustered.
 
%PARSER_ERROR[time] main > INFO  : [%PARSER_ERROR[function]:1324] Quartz scheduler 'DefaultQuartzScheduler' initialized from default resource file in Quartz package: 'quartz.properties' 
%PARSER_ERROR[time] main > INFO  : [%PARSER_ERROR[function]:1328] Quartz scheduler version: 1.8.6 
%PARSER_ERROR[time] main > INFO  : [%PARSER_ERROR[function]:519] Scheduler DefaultQuartzScheduler_$_NON_CLUSTERED started. 
%PARSER_ERROR[time] Timer-0 > DEBUG : [%PARSER_ERROR[function]:54] Checking for available updated version of Quartz... 
%PARSER_ERROR[time] DefaultQuartzScheduler_QuartzSchedulerThread > DEBUG : [%PARSER_ERROR[function]:50] Producing instance of Job 'server1.serverSecJob', class=com.eluon.pim.snmp.job.ServerInfoUpdate 
%PARSER_ERROR[time] DefaultQuartzScheduler_Worker-1 > DEBUG : [%PARSER_ERROR[function]:222] Calling execute on job server1.serverSecJob 
%PARSER_ERROR[time] DefaultQuartzScheduler_QuartzSchedulerThread > DEBUG : [%PARSER_ERROR[function]:50] Producing instance of Job 'group1.infoJob', class=com.eluon.pim.snmp.job.SwitchInfoUpdate 
%PARSER_ERROR[time] DefaultQuartzScheduler_Worker-2 > DEBUG : [%PARSER_ERROR[function]:222] Calling execute on job group1.infoJob 
%PARSER_ERROR[time] DefaultQuartzScheduler_QuartzSchedulerThread > DEBUG : [%PARSER_ERROR[function]:50] Producing instance of Job 'server2.minStatJob', class=com.eluon.pim.snmp.job.ServerStatMin 
%PARSER_ERROR[time] DefaultQuartzScheduler_Worker-3 > DEBUG : [%PARSER_ERROR[function]:222] Calling execute on job server2.minStatJob 
%PARSER_ERROR[time] DefaultQuartzScheduler_Worker-2 > DEBUG : [%PARSER_ERROR[function]:128] Logging initialized using 'class org.apache.ibatis.logging.slf4j.Slf4jImpl' adapter. 
%PARSER_ERROR[time] DefaultQuartzScheduler_Worker-2 > DEBUG : [%PARSER_ERROR[function]:306] PooledDataSource forcefully closed/removed all connections. 
%PARSER_ERROR[time] DefaultQuartzScheduler_Worker-2 > DEBUG : [%PARSER_ERROR[function]:306] PooledDataSource forcefully closed/removed all connections. 
%PARSER_ERROR[time] DefaultQuartzScheduler_Worker-2 > DEBUG : [%PARSER_ERROR[function]:306] PooledDataSource forcefully closed/removed all connections. 
%PARSER_ERROR[time] DefaultQuartzScheduler_Worker-2 > DEBUG : [%PARSER_ERROR[function]:306] PooledDataSource forcefully closed/removed all connections. 
%PARSER_ERROR[time] DefaultQuartzScheduler_Worker-2 > DEBUG : [%PARSER_ERROR[function]:132] Opening JDBC Connection 
%PARSER_ERROR[time] DefaultQuartzScheduler_Worker-1 > DEBUG : [%PARSER_ERROR[function]:132] Opening JDBC Connection 
%PARSER_ERROR[time] DefaultQuartzScheduler_Worker-2 > DEBUG : [%PARSER_ERROR[function]:380] Created connection 569560404. 
%PARSER_ERROR[time] DefaultQuartzScheduler_Worker-2 > DEBUG : [%PARSER_ERROR[function]:98] Setting autocommit to false on JDBC Connection [org.mariadb.jdbc.MySQLConnection@21f2cd54] 
%PARSER_ERROR[time] DefaultQuartzScheduler_Worker-2 > DEBUG : [%PARSER_ERROR[function]:139] ==>  Preparing: SELECT no, name, ip, status, status_time, reg_time, nic_info, vlan_info FROM switch_info;  
%PARSER_ERROR[time] DefaultQuartzScheduler_Worker-1 > DEBUG : [%PARSER_ERROR[function]:380] Created connection 1340269546. 
%PARSER_ERROR[time] DefaultQuartzScheduler_Worker-1 > DEBUG : [%PARSER_ERROR[function]:98] Setting autocommit to false on JDBC Connection [org.mariadb.jdbc.MySQLConnection@4fe2e3ea] 
%PARSER_ERROR[time] DefaultQuartzScheduler_Worker-1 > DEBUG : [%PARSER_ERROR[function]:139] ==>  Preparing: SELECT no, name, ip, status, status_date, reg_date, cpu_info, cpu_usage, mem_usage, mem_total, hdd_usage, hdd_total, nic_info, nic_usage FROM SERVER_INFO  
%PARSER_ERROR[time] DefaultQuartzScheduler_Worker-2 > DEBUG : [%PARSER_ERROR[function]:139] ==> Parameters:  
%PARSER_ERROR[time] DefaultQuartzScheduler_Worker-1 > DEBUG : [%PARSER_ERROR[function]:139] ==> Parameters:  
%PARSER_ERROR[time] DefaultQuartzScheduler_Worker-1 > DEBUG : [%PARSER_ERROR[function]:139] <==      Total: 1 
%PARSER_ERROR[time] DefaultQuartzScheduler_Worker-1 > DEBUG : [%PARSER_ERROR[function]:120] Resetting autocommit to true on JDBC Connection [org.mariadb.jdbc.MySQLConnection@4fe2e3ea] 
%PARSER_ERROR[time] DefaultQuartzScheduler_Worker-1 > DEBUG : [%PARSER_ERROR[function]:88] Closing JDBC Connection [org.mariadb.jdbc.MySQLConnection@4fe2e3ea] 
%PARSER_ERROR[time] DefaultQuartzScheduler_Worker-1 > DEBUG : [%PARSER_ERROR[function]:334] Returned connection 1340269546 to pool. 
%PARSER_ERROR[time] DefaultQuartzScheduler_Worker-2 > DEBUG : [%PARSER_ERROR[function]:139] <==      Total: 1 
%PARSER_ERROR[time] DefaultQuartzScheduler_Worker-2 > DEBUG : [%PARSER_ERROR[function]:120] Resetting autocommit to true on JDBC Connection [org.mariadb.jdbc.MySQLConnection@21f2cd54] 
%PARSER_ERROR[time] DefaultQuartzScheduler_Worker-2 > DEBUG : [%PARSER_ERROR[function]:88] Closing JDBC Connection [org.mariadb.jdbc.MySQLConnection@21f2cd54] 
%PARSER_ERROR[time] DefaultQuartzScheduler_Worker-2 > DEBUG : [%PARSER_ERROR[function]:334] Returned connection 569560404 to pool. 
%PARSER_ERROR[time] DefaultQuartzScheduler_Worker-2 > DEBUG : [%PARSER_ERROR[function]:38] === Start === 
%PARSER_ERROR[time] DefaultQuartzScheduler_Worker-2 > DEBUG : [%PARSER_ERROR[function]:58] (Var) NO:%d, Status:%s, StatusTime:%s, NicInfo:%s, VlanInfo:%s 
%PARSER_ERROR[time] DefaultQuartzScheduler_Worker-2 > DEBUG : [%PARSER_ERROR[function]:132] Opening JDBC Connection 
%PARSER_ERROR[time] DefaultQuartzScheduler_Worker-2 > DEBUG : [%PARSER_ERROR[function]:369] Checked out connection 1340269546 from pool. 
%PARSER_ERROR[time] DefaultQuartzScheduler_Worker-2 > DEBUG : [%PARSER_ERROR[function]:98] Setting autocommit to false on JDBC Connection [org.mariadb.jdbc.MySQLConnection@4fe2e3ea] 
%PARSER_ERROR[time] DefaultQuartzScheduler_Worker-2 > DEBUG : [%PARSER_ERROR[function]:139] ==>  Preparing: UPDATE SWITCH_INFO SET status = ?, status_time = ?, reg_time = ?, nic_info = ?, vlan_info = ? WHERE no = ?  
%PARSER_ERROR[time] DefaultQuartzScheduler_Worker-2 > DEBUG : [%PARSER_ERROR[function]:139] ==> Parameters: 1(Integer), 2017-07-04 11:33:50(String), null, {"lo":"on","eth3":"off","eth2":"on","eth1":"off","sit0":"off","eth0":"off"}(String), null, 1(Integer) 
%PARSER_ERROR[time] DefaultQuartzScheduler_Worker-2 > DEBUG : [%PARSER_ERROR[function]:139] <==    Updates: 1 
%PARSER_ERROR[time] DefaultQuartzScheduler_Worker-2 > DEBUG : [%PARSER_ERROR[function]:69] Committing JDBC Connection [org.mariadb.jdbc.MySQLConnection@4fe2e3ea] 
%PARSER_ERROR[time] DefaultQuartzScheduler_Worker-2 > DEBUG : [%PARSER_ERROR[function]:120] Resetting autocommit to true on JDBC Connection [org.mariadb.jdbc.MySQLConnection@4fe2e3ea] 
%PARSER_ERROR[time] DefaultQuartzScheduler_Worker-2 > DEBUG : [%PARSER_ERROR[function]:88] Closing JDBC Connection [org.mariadb.jdbc.MySQLConnection@4fe2e3ea] 
%PARSER_ERROR[time] DefaultQuartzScheduler_Worker-2 > DEBUG : [%PARSER_ERROR[function]:334] Returned connection 1340269546 to pool. 
%PARSER_ERROR[time] DefaultQuartzScheduler_Worker-1 > DEBUG : [%PARSER_ERROR[function]:132] Opening JDBC Connection 
%PARSER_ERROR[time] DefaultQuartzScheduler_Worker-1 > DEBUG : [%PARSER_ERROR[function]:369] Checked out connection 569560404 from pool. 
%PARSER_ERROR[time] DefaultQuartzScheduler_Worker-1 > DEBUG : [%PARSER_ERROR[function]:98] Setting autocommit to false on JDBC Connection [org.mariadb.jdbc.MySQLConnection@21f2cd54] 
%PARSER_ERROR[time] DefaultQuartzScheduler_Worker-1 > DEBUG : [%PARSER_ERROR[function]:139] ==>  Preparing: UPDATE SERVER_INFO SET status = ? , status_date = ? , cpu_info = ? , cpu_usage = ? , mem_usage = ? , mem_total = ? , hdd_usage = ? , hdd_total = ? , nic_info = ? , nic_usage = ? WHERE no = ?  
%PARSER_ERROR[time] DefaultQuartzScheduler_Worker-1 > DEBUG : [%PARSER_ERROR[function]:139] ==> Parameters: 1(Integer), 2017-07-04 11:33:50(String), GenuineIntel: Intel(R) Xeon(R) CPU           E5520  @ 2.27GHz | 16(String), {"780":0,"770":1,"781":0,"771":0,"782":1,"772":1,"783":0,"773":0,"774":0,"775":0,"776":0,"777":0,"778":1,"768":0,"779":0,"769":0}(String), 4.028721(Float), 5.8195343(Float), 180.55391(Float), 523.08746(Float), {"lo":"on","eth3":"off","eth2":"on","eth1":"off","sit0":"off","eth0":"off"}(String), {"lo":"13054711/13054711","eth3":"0/0","eth2":"1134486079/168503818","eth1":"0/0","sit0":"0/0","eth0":"0/0"}(String), 1(Integer) 
%PARSER_ERROR[time] DefaultQuartzScheduler_Worker-1 > DEBUG : [%PARSER_ERROR[function]:139] <==    Updates: 1 
%PARSER_ERROR[time] DefaultQuartzScheduler_Worker-1 > DEBUG : [%PARSER_ERROR[function]:69] Committing JDBC Connection [org.mariadb.jdbc.MySQLConnection@21f2cd54] 
%PARSER_ERROR[time] DefaultQuartzScheduler_Worker-1 > DEBUG : [%PARSER_ERROR[function]:120] Resetting autocommit to true on JDBC Connection [org.mariadb.jdbc.MySQLConnection@21f2cd54] 
%PARSER_ERROR[time] DefaultQuartzScheduler_Worker-1 > DEBUG : [%PARSER_ERROR[function]:88] Closing JDBC Connection [org.mariadb.jdbc.MySQLConnection@21f2cd54] 
%PARSER_ERROR[time] DefaultQuartzScheduler_Worker-1 > DEBUG : [%PARSER_ERROR[function]:334] Returned connection 569560404 to pool. 
%PARSER_ERROR[time] DefaultQuartzScheduler_QuartzSchedulerThread > DEBUG : [%PARSER_ERROR[function]:50] Producing instance of Job 'group1.infoJob', class=com.eluon.pim.snmp.job.SwitchInfoUpdate 
%PARSER_ERROR[time] DefaultQuartzScheduler_Worker-4 > DEBUG : [%PARSER_ERROR[function]:222] Calling execute on job group1.infoJob 
%PARSER_ERROR[time] DefaultQuartzScheduler_Worker-4 > DEBUG : [%PARSER_ERROR[function]:132] Opening JDBC Connection 
%PARSER_ERROR[time] DefaultQuartzScheduler_Worker-4 > DEBUG : [%PARSER_ERROR[function]:369] Checked out connection 1340269546 from pool. 
%PARSER_ERROR[time] DefaultQuartzScheduler_Worker-4 > DEBUG : [%PARSER_ERROR[function]:98] Setting autocommit to false on JDBC Connection [org.mariadb.jdbc.MySQLConnection@4fe2e3ea] 
%PARSER_ERROR[time] DefaultQuartzScheduler_QuartzSchedulerThread > DEBUG : [%PARSER_ERROR[function]:50] Producing instance of Job 'server1.serverSecJob', class=com.eluon.pim.snmp.job.ServerInfoUpdate 
%PARSER_ERROR[time] DefaultQuartzScheduler_Worker-5 > DEBUG : [%PARSER_ERROR[function]:222] Calling execute on job server1.serverSecJob 
%PARSER_ERROR[time] DefaultQuartzScheduler_Worker-5 > DEBUG : [%PARSER_ERROR[function]:132] Opening JDBC Connection 
%PARSER_ERROR[time] DefaultQuartzScheduler_Worker-5 > DEBUG : [%PARSER_ERROR[function]:369] Checked out connection 569560404 from pool. 
%PARSER_ERROR[time] DefaultQuartzScheduler_Worker-4 > DEBUG : [%PARSER_ERROR[function]:139] ==>  Preparing: SELECT no, name, ip, status, status_time, reg_time, nic_info, vlan_info FROM switch_info;  
%PARSER_ERROR[time] DefaultQuartzScheduler_Worker-4 > DEBUG : [%PARSER_ERROR[function]:139] ==> Parameters:  
%PARSER_ERROR[time] DefaultQuartzScheduler_QuartzSchedulerThread > DEBUG : [%PARSER_ERROR[function]:50] Producing instance of Job 'server2.minStatJob', class=com.eluon.pim.snmp.job.ServerStatMin 
%PARSER_ERROR[time] DefaultQuartzScheduler_Worker-5 > DEBUG : [%PARSER_ERROR[function]:98] Setting autocommit to false on JDBC Connection [org.mariadb.jdbc.MySQLConnection@21f2cd54] 
%PARSER_ERROR[time] DefaultQuartzScheduler_Worker-6 > DEBUG : [%PARSER_ERROR[function]:222] Calling execute on job server2.minStatJob 
%PARSER_ERROR[time] DefaultQuartzScheduler_Worker-5 > DEBUG : [%PARSER_ERROR[function]:139] ==>  Preparing: SELECT no, name, ip, status, status_date, reg_date, cpu_info, cpu_usage, mem_usage, mem_total, hdd_usage, hdd_total, nic_info, nic_usage FROM SERVER_INFO  
%PARSER_ERROR[time] DefaultQuartzScheduler_Worker-5 > DEBUG : [%PARSER_ERROR[function]:139] ==> Parameters:  
%PARSER_ERROR[time] DefaultQuartzScheduler_Worker-4 > DEBUG : [%PARSER_ERROR[function]:139] <==      Total: 1 
%PARSER_ERROR[time] DefaultQuartzScheduler_Worker-4 > DEBUG : [%PARSER_ERROR[function]:120] Resetting autocommit to true on JDBC Connection [org.mariadb.jdbc.MySQLConnection@4fe2e3ea] 
%PARSER_ERROR[time] DefaultQuartzScheduler_Worker-4 > DEBUG : [%PARSER_ERROR[function]:88] Closing JDBC Connection [org.mariadb.jdbc.MySQLConnection@4fe2e3ea] 
%PARSER_ERROR[time] DefaultQuartzScheduler_Worker-5 > DEBUG : [%PARSER_ERROR[function]:139] <==      Total: 1 
%PARSER_ERROR[time] DefaultQuartzScheduler_Worker-4 > DEBUG : [%PARSER_ERROR[function]:334] Returned connection 1340269546 to pool. 
%PARSER_ERROR[time] DefaultQuartzScheduler_Worker-5 > DEBUG : [%PARSER_ERROR[function]:120] Resetting autocommit to true on JDBC Connection [org.mariadb.jdbc.MySQLConnection@21f2cd54] 
%PARSER_ERROR[time] DefaultQuartzScheduler_Worker-4 > DEBUG : [%PARSER_ERROR[function]:38] === Start === 
%PARSER_ERROR[time] DefaultQuartzScheduler_Worker-5 > DEBUG : [%PARSER_ERROR[function]:88] Closing JDBC Connection [org.mariadb.jdbc.MySQLConnection@21f2cd54] 
%PARSER_ERROR[time] DefaultQuartzScheduler_Worker-5 > DEBUG : [%PARSER_ERROR[function]:334] Returned connection 569560404 to pool. 
%PARSER_ERROR[time] DefaultQuartzScheduler_Worker-4 > DEBUG : [%PARSER_ERROR[function]:58] (Var) NO:%d, Status:%s, StatusTime:%s, NicInfo:%s, VlanInfo:%s 
%PARSER_ERROR[time] DefaultQuartzScheduler_Worker-4 > DEBUG : [%PARSER_ERROR[function]:132] Opening JDBC Connection 
%PARSER_ERROR[time] DefaultQuartzScheduler_Worker-4 > DEBUG : [%PARSER_ERROR[function]:369] Checked out connection 1340269546 from pool. 
%PARSER_ERROR[time] DefaultQuartzScheduler_Worker-4 > DEBUG : [%PARSER_ERROR[function]:98] Setting autocommit to false on JDBC Connection [org.mariadb.jdbc.MySQLConnection@4fe2e3ea] 
%PARSER_ERROR[time] DefaultQuartzScheduler_Worker-4 > DEBUG : [%PARSER_ERROR[function]:139] ==>  Preparing: UPDATE SWITCH_INFO SET status = ?, status_time = ?, reg_time = ?, nic_info = ?, vlan_info = ? WHERE no = ?  
%PARSER_ERROR[time] DefaultQuartzScheduler_Worker-4 > DEBUG : [%PARSER_ERROR[function]:139] ==> Parameters: 1(Integer), 2017-07-04 11:34:00(String), null, {"lo":"on","eth3":"off","eth2":"on","eth1":"off","sit0":"off","eth0":"off"}(String), null, 1(Integer) 
%PARSER_ERROR[time] DefaultQuartzScheduler_Worker-4 > DEBUG : [%PARSER_ERROR[function]:139] <==    Updates: 1 
%PARSER_ERROR[time] DefaultQuartzScheduler_Worker-4 > DEBUG : [%PARSER_ERROR[function]:69] Committing JDBC Connection [org.mariadb.jdbc.MySQLConnection@4fe2e3ea] 
%PARSER_ERROR[time] DefaultQuartzScheduler_Worker-4 > DEBUG : [%PARSER_ERROR[function]:120] Resetting autocommit to true on JDBC Connection [org.mariadb.jdbc.MySQLConnection@4fe2e3ea] 
%PARSER_ERROR[time] DefaultQuartzScheduler_Worker-4 > DEBUG : [%PARSER_ERROR[function]:88] Closing JDBC Connection [org.mariadb.jdbc.MySQLConnection@4fe2e3ea] 
%PARSER_ERROR[time] DefaultQuartzScheduler_Worker-4 > DEBUG : [%PARSER_ERROR[function]:334] Returned connection 1340269546 to pool. 
%PARSER_ERROR[time] DefaultQuartzScheduler_Worker-5 > DEBUG : [%PARSER_ERROR[function]:132] Opening JDBC Connection 
%PARSER_ERROR[time] DefaultQuartzScheduler_Worker-5 > DEBUG : [%PARSER_ERROR[function]:369] Checked out connection 569560404 from pool. 
%PARSER_ERROR[time] DefaultQuartzScheduler_Worker-5 > DEBUG : [%PARSER_ERROR[function]:98] Setting autocommit to false on JDBC Connection [org.mariadb.jdbc.MySQLConnection@21f2cd54] 
%PARSER_ERROR[time] DefaultQuartzScheduler_Worker-5 > DEBUG : [%PARSER_ERROR[function]:139] ==>  Preparing: UPDATE SERVER_INFO SET status = ? , status_date = ? , cpu_info = ? , cpu_usage = ? , mem_usage = ? , mem_total = ? , hdd_usage = ? , hdd_total = ? , nic_info = ? , nic_usage = ? WHERE no = ?  
%PARSER_ERROR[time] DefaultQuartzScheduler_Worker-5 > DEBUG : [%PARSER_ERROR[function]:139] ==> Parameters: 1(Integer), 2017-07-04 11:34:00(String), GenuineIntel: Intel(R) Xeon(R) CPU           E5520  @ 2.27GHz | 16(String), {"780":0,"770":2,"781":0,"771":0,"782":1,"772":1,"783":0,"773":0,"774":0,"775":0,"776":0,"777":0,"778":1,"768":0,"779":0,"769":0}(String), 4.028736(Float), 5.8195343(Float), 180.55391(Float), 523.08746(Float), {"lo":"on","eth3":"off","eth2":"on","eth1":"off","sit0":"off","eth0":"off"}(String), {"lo":"13054711/13054711","eth3":"0/0","eth2":"1134573420/168521745","eth1":"0/0","sit0":"0/0","eth0":"0/0"}(String), 1(Integer) 
%PARSER_ERROR[time] DefaultQuartzScheduler_Worker-5 > DEBUG : [%PARSER_ERROR[function]:139] <==    Updates: 1 
%PARSER_ERROR[time] DefaultQuartzScheduler_Worker-5 > DEBUG : [%PARSER_ERROR[function]:69] Committing JDBC Connection [org.mariadb.jdbc.MySQLConnection@21f2cd54] 
%PARSER_ERROR[time] DefaultQuartzScheduler_Worker-5 > DEBUG : [%PARSER_ERROR[function]:120] Resetting autocommit to true on JDBC Connection [org.mariadb.jdbc.MySQLConnection@21f2cd54] 
%PARSER_ERROR[time] DefaultQuartzScheduler_Worker-5 > DEBUG : [%PARSER_ERROR[function]:88] Closing JDBC Connection [org.mariadb.jdbc.MySQLConnection@21f2cd54] 
%PARSER_ERROR[time] DefaultQuartzScheduler_Worker-5 > DEBUG : [%PARSER_ERROR[function]:334] Returned connection 569560404 to pool. 
%PARSER_ERROR[time] DefaultQuartzScheduler_QuartzSchedulerThread > DEBUG : [%PARSER_ERROR[function]:50] Producing instance of Job 'group1.infoJob', class=com.eluon.pim.snmp.job.SwitchInfoUpdate 
%PARSER_ERROR[time] DefaultQuartzScheduler_Worker-7 > DEBUG : [%PARSER_ERROR[function]:222] Calling execute on job group1.infoJob 
%PARSER_ERROR[time] DefaultQuartzScheduler_Worker-7 > DEBUG : [%PARSER_ERROR[function]:132] Opening JDBC Connection 
%PARSER_ERROR[time] DefaultQuartzScheduler_Worker-7 > DEBUG : [%PARSER_ERROR[function]:369] Checked out connection 1340269546 from pool. 
%PARSER_ERROR[time] DefaultQuartzScheduler_QuartzSchedulerThread > DEBUG : [%PARSER_ERROR[function]:50] Producing instance of Job 'server1.serverSecJob', class=com.eluon.pim.snmp.job.ServerInfoUpdate 
%PARSER_ERROR[time] DefaultQuartzScheduler_Worker-7 > DEBUG : [%PARSER_ERROR[function]:98] Setting autocommit to false on JDBC Connection [org.mariadb.jdbc.MySQLConnection@4fe2e3ea] 
%PARSER_ERROR[time] DefaultQuartzScheduler_Worker-8 > DEBUG : [%PARSER_ERROR[function]:222] Calling execute on job server1.serverSecJob 
%PARSER_ERROR[time] DefaultQuartzScheduler_QuartzSchedulerThread > DEBUG : [%PARSER_ERROR[function]:50] Producing instance of Job 'server2.minStatJob', class=com.eluon.pim.snmp.job.ServerStatMin 
%PARSER_ERROR[time] DefaultQuartzScheduler_Worker-8 > DEBUG : [%PARSER_ERROR[function]:132] Opening JDBC Connection 
%PARSER_ERROR[time] DefaultQuartzScheduler_Worker-9 > DEBUG : [%PARSER_ERROR[function]:222] Calling execute on job server2.minStatJob 
%PARSER_ERROR[time] DefaultQuartzScheduler_Worker-7 > DEBUG : [%PARSER_ERROR[function]:139] ==>  Preparing: SELECT no, name, ip, status, status_time, reg_time, nic_info, vlan_info FROM switch_info;  
%PARSER_ERROR[time] DefaultQuartzScheduler_Worker-8 > DEBUG : [%PARSER_ERROR[function]:369] Checked out connection 569560404 from pool. 
%PARSER_ERROR[time] DefaultQuartzScheduler_Worker-7 > DEBUG : [%PARSER_ERROR[function]:139] ==> Parameters:  
%PARSER_ERROR[time] DefaultQuartzScheduler_Worker-8 > DEBUG : [%PARSER_ERROR[function]:98] Setting autocommit to false on JDBC Connection [org.mariadb.jdbc.MySQLConnection@21f2cd54] 
%PARSER_ERROR[time] DefaultQuartzScheduler_Worker-8 > DEBUG : [%PARSER_ERROR[function]:139] ==>  Preparing: SELECT no, name, ip, status, status_date, reg_date, cpu_info, cpu_usage, mem_usage, mem_total, hdd_usage, hdd_total, nic_info, nic_usage FROM SERVER_INFO  
%PARSER_ERROR[time] DefaultQuartzScheduler_Worker-7 > DEBUG : [%PARSER_ERROR[function]:139] <==      Total: 1 
%PARSER_ERROR[time] DefaultQuartzScheduler_Worker-8 > DEBUG : [%PARSER_ERROR[function]:139] ==> Parameters:  
%PARSER_ERROR[time] DefaultQuartzScheduler_Worker-7 > DEBUG : [%PARSER_ERROR[function]:120] Resetting autocommit to true on JDBC Connection [org.mariadb.jdbc.MySQLConnection@4fe2e3ea] 
%PARSER_ERROR[time] DefaultQuartzScheduler_Worker-8 > DEBUG : [%PARSER_ERROR[function]:139] <==      Total: 1 
%PARSER_ERROR[time] DefaultQuartzScheduler_Worker-8 > DEBUG : [%PARSER_ERROR[function]:120] Resetting autocommit to true on JDBC Connection [org.mariadb.jdbc.MySQLConnection@21f2cd54] 
%PARSER_ERROR[time] DefaultQuartzScheduler_Worker-7 > DEBUG : [%PARSER_ERROR[function]:88] Closing JDBC Connection [org.mariadb.jdbc.MySQLConnection@4fe2e3ea] 
%PARSER_ERROR[time] DefaultQuartzScheduler_Worker-8 > DEBUG : [%PARSER_ERROR[function]:88] Closing JDBC Connection [org.mariadb.jdbc.MySQLConnection@21f2cd54] 
%PARSER_ERROR[time] DefaultQuartzScheduler_Worker-7 > DEBUG : [%PARSER_ERROR[function]:334] Returned connection 1340269546 to pool. 
%PARSER_ERROR[time] DefaultQuartzScheduler_Worker-8 > DEBUG : [%PARSER_ERROR[function]:334] Returned connection 569560404 to pool. 
%PARSER_ERROR[time] DefaultQuartzScheduler_Worker-7 > DEBUG : [%PARSER_ERROR[function]:38] === Start === 
